[0.020s] Invoking command in '/home/panha/Food_Delivery_Robot/build/zlac8015d_driver': CMAKE_PREFIX_PATH=${CMAKE_PREFIX_PATH}:/home/panha/ws_moveit/install/moveit_configs_utils:/home/panha/ws_moveit/install/launch_param_builder:/home/panha/mushroom_ws_V2/install/py_mushroom_control:/home/panha/turtlebot3_ws/install/turtlebot3_teleop:/home/panha/turtlebot3_ws/install/turtlebot3_example:/opt/ros/humble /usr/bin/cmake --build /home/panha/Food_Delivery_Robot/build/zlac8015d_driver -- -j16 -l16
[0.056s] [ 25%] Built target robot_kinematic
[0.057s] [ 50%] Built target can
[0.078s] [ 62%] [32mBuilding CXX object CMakeFiles/zlac8015d_driver.dir/src/zlac8015d_driver.cpp.o[0m
[0.222s] [01m[K/home/panha/Food_Delivery_Robot/src/zlac8015d_driver/src/zlac8015d_driver.cpp:[m[K In member function â€˜[01m[Kbool ZLAC8015DDriver::receive_sdo(uint8_t*)[m[Kâ€™:
[0.222s] [01m[K/home/panha/Food_Delivery_Robot/src/zlac8015d_driver/src/zlac8015d_driver.cpp:30:29:[m[K [01;31m[Kerror: [m[Kcannot bind non-const lvalue reference of type â€˜[01m[Kuint8_t&[m[Kâ€™ {aka â€˜[01m[Kunsigned char&[m[Kâ€™} to a value of type â€˜[01m[Kuint16_t[m[Kâ€™ {aka â€˜[01m[Kshort unsigned int[m[Kâ€™}
[0.222s]    30 |     if (!can_.receive_frame([01;31m[Krx_id[m[K, response, len))
[0.222s]       |                             [01;31m[K^~~~~[m[K
[0.223s] In file included from [01m[K/home/panha/Food_Delivery_Robot/src/zlac8015d_driver/include/zlac8015d_driver/zlac8015d_driver.hpp:4[m[K,
[0.223s]                  from [01m[K/home/panha/Food_Delivery_Robot/src/zlac8015d_driver/src/zlac8015d_driver.cpp:1[m[K:
[0.223s] [01m[K/home/panha/Food_Delivery_Robot/src/zlac8015d_driver/include/zlac8015d_driver/can.hpp:21:33:[m[K [01;36m[Knote: [m[K  initializing argument 1 of â€˜[01m[Kbool CAN::receive_frame(uint8_t&, uint8_t*, uint8_t&)[m[Kâ€™
[0.223s]    21 |     bool receive_frame([01;36m[Kuint8_t &id[m[K, uint8_t *data, uint8_t &len);
[0.223s]       |                        [01;36m[K~~~~~~~~~^~[m[K
[0.244s] gmake[2]: *** [CMakeFiles/zlac8015d_driver.dir/build.make:76: CMakeFiles/zlac8015d_driver.dir/src/zlac8015d_driver.cpp.o] Error 1
[0.245s] gmake[1]: *** [CMakeFiles/Makefile2:184: CMakeFiles/zlac8015d_driver.dir/all] Error 2
[0.245s] gmake: *** [Makefile:146: all] Error 2
[0.247s] Invoked command in '/home/panha/Food_Delivery_Robot/build/zlac8015d_driver' returned '2': CMAKE_PREFIX_PATH=${CMAKE_PREFIX_PATH}:/home/panha/ws_moveit/install/moveit_configs_utils:/home/panha/ws_moveit/install/launch_param_builder:/home/panha/mushroom_ws_V2/install/py_mushroom_control:/home/panha/turtlebot3_ws/install/turtlebot3_teleop:/home/panha/turtlebot3_ws/install/turtlebot3_example:/opt/ros/humble /usr/bin/cmake --build /home/panha/Food_Delivery_Robot/build/zlac8015d_driver -- -j16 -l16
