[0.020s] Invoking command in '/home/panha/Food_Delivery_Robot/build/zlac8015d_driver': CMAKE_PREFIX_PATH=${CMAKE_PREFIX_PATH}:/home/panha/ws_moveit/install/moveit_configs_utils:/home/panha/ws_moveit/install/launch_param_builder:/home/panha/mushroom_ws_V2/install/py_mushroom_control:/home/panha/turtlebot3_ws/install/turtlebot3_teleop:/home/panha/turtlebot3_ws/install/turtlebot3_example:/opt/ros/humble /usr/bin/cmake --build /home/panha/Food_Delivery_Robot/build/zlac8015d_driver -- -j16 -l16
[0.056s] [ 50%] Built target can
[0.056s] [ 50%] Built target robot_kinematic
[0.073s] [ 62%] [32mBuilding CXX object CMakeFiles/zlac8015d_driver.dir/src/zlac8015d_driver.cpp.o[0m
[0.301s] [01m[K/home/panha/Food_Delivery_Robot/src/zlac8015d_driver/src/zlac8015d_driver.cpp:[m[K In member function â€˜[01m[Kbool ZLAC8015DDriver::set_sync_target_speed(float)[m[Kâ€™:
[0.301s] [01m[K/home/panha/Food_Delivery_Robot/src/zlac8015d_driver/src/zlac8015d_driver.cpp:31:67:[m[K [01;31m[Kerror: [m[Kinvalid operands of types â€˜[01m[Kfloat[m[Kâ€™ and â€˜[01m[Kint[m[Kâ€™ to binary â€˜[01m[Koperator&[m[Kâ€™
[0.301s]    31 |     ss << std::hex << std::setw(4) << std::setfill('0') << ([32m[Kspeed[m[K [01;31m[K&[m[K [34m[K0xFFFF[m[K);
[0.301s]       |                                                             [32m[K~~~~~[m[K [01;31m[K^[m[K [34m[K~~~~~~[m[K
[0.301s]       |                                                             [32m[K|[m[K       [34m[K|[m[K
[0.301s]       |                                                             [32m[Kfloat[m[K   [34m[Kint[m[K
[0.301s] [01m[K/home/panha/Food_Delivery_Robot/src/zlac8015d_driver/src/zlac8015d_driver.cpp:[m[K In member function â€˜[01m[Kbool ZLAC8015DDriver::set_sync_left_right_speed(float, float)[m[Kâ€™:
[0.301s] [01m[K/home/panha/Food_Delivery_Robot/src/zlac8015d_driver/src/zlac8015d_driver.cpp:38:77:[m[K [01;31m[Kerror: [m[Kinvalid operands of types â€˜[01m[Kfloat[m[Kâ€™ and â€˜[01m[Kint[m[Kâ€™ to binary â€˜[01m[Koperator&[m[Kâ€™
[0.301s]    38 |     ss_left << std::hex << std::setw(4) << std::setfill('0') << ([32m[Kleft_speed[m[K [01;31m[K&[m[K [34m[K0xFFFF[m[K);
[0.301s]       |                                                                  [32m[K~~~~~~~~~~[m[K [01;31m[K^[m[K [34m[K~~~~~~[m[K
[0.301s]       |                                                                  [32m[K|[m[K            [34m[K|[m[K
[0.302s]       |                                                                  [32m[Kfloat[m[K        [34m[Kint[m[K
[0.302s] [01m[K/home/panha/Food_Delivery_Robot/src/zlac8015d_driver/src/zlac8015d_driver.cpp:39:79:[m[K [01;31m[Kerror: [m[Kinvalid operands of types â€˜[01m[Kfloat[m[Kâ€™ and â€˜[01m[Kint[m[Kâ€™ to binary â€˜[01m[Koperator&[m[Kâ€™
[0.302s]    39 |     ss_right << std::hex << std::setw(4) << std::setfill('0') << ([32m[Kright_speed[m[K [01;31m[K&[m[K [34m[K0xFFFF[m[K);
[0.302s]       |                                                                   [32m[K~~~~~~~~~~~[m[K [01;31m[K^[m[K [34m[K~~~~~~[m[K
[0.302s]       |                                                                   [32m[K|[m[K             [34m[K|[m[K
[0.302s]       |                                                                   [32m[Kfloat[m[K         [34m[Kint[m[K
[0.336s] gmake[2]: *** [CMakeFiles/zlac8015d_driver.dir/build.make:76: CMakeFiles/zlac8015d_driver.dir/src/zlac8015d_driver.cpp.o] Error 1
[0.336s] gmake[1]: *** [CMakeFiles/Makefile2:184: CMakeFiles/zlac8015d_driver.dir/all] Error 2
[0.336s] gmake: *** [Makefile:146: all] Error 2
[0.338s] Invoked command in '/home/panha/Food_Delivery_Robot/build/zlac8015d_driver' returned '2': CMAKE_PREFIX_PATH=${CMAKE_PREFIX_PATH}:/home/panha/ws_moveit/install/moveit_configs_utils:/home/panha/ws_moveit/install/launch_param_builder:/home/panha/mushroom_ws_V2/install/py_mushroom_control:/home/panha/turtlebot3_ws/install/turtlebot3_teleop:/home/panha/turtlebot3_ws/install/turtlebot3_example:/opt/ros/humble /usr/bin/cmake --build /home/panha/Food_Delivery_Robot/build/zlac8015d_driver -- -j16 -l16
