-- Found ament_cmake: 1.3.12 (/opt/ros/humble/share/ament_cmake/cmake)
-- Found rclcpp: 16.0.15 (/opt/ros/humble/share/rclcpp/cmake)
-- Found rosidl_generator_c: 3.1.7 (/opt/ros/humble/share/rosidl_generator_c/cmake)
-- Found rosidl_adapter: 3.1.7 (/opt/ros/humble/share/rosidl_adapter/cmake)
-- Found rosidl_generator_cpp: 3.1.7 (/opt/ros/humble/share/rosidl_generator_cpp/cmake)
-- Using all available rosidl_typesupport_c: rosidl_typesupport_fastrtps_c;rosidl_typesupport_introspection_c
-- Using all available rosidl_typesupport_cpp: rosidl_typesupport_fastrtps_cpp;rosidl_typesupport_introspection_cpp
-- Found rmw_implementation_cmake: 6.1.2 (/opt/ros/humble/share/rmw_implementation_cmake/cmake)
-- Found rmw_cyclonedds_cpp: 1.3.4 (/opt/ros/humble/share/rmw_cyclonedds_cpp/cmake)
-- Using RMW implementation 'rmw_cyclonedds_cpp' as default
-- Found geometry_msgs: 4.9.0 (/opt/ros/humble/share/geometry_msgs/cmake)
-- Found tf2_msgs: 0.25.16 (/opt/ros/humble/share/tf2_msgs/cmake)
-- Found nav_msgs: 4.9.0 (/opt/ros/humble/share/nav_msgs/cmake)
-- Found sensor_msgs: 4.9.0 (/opt/ros/humble/share/sensor_msgs/cmake)
-- Configuring done
-- Generating done
-- Build files have been written to: /home/panha/Food_Delivery_Robot/build/zlac8015d_driver
[ 25%] Built target robot_kinematic
[ 50%] Built target can
[ 62%] [32mBuilding CXX object CMakeFiles/zlac8015d_driver.dir/src/zlac8015d_driver.cpp.o[0m
[01m[K/home/panha/Food_Delivery_Robot/src/zlac8015d_driver/src/zlac8015d_driver.cpp:[m[K In member function â€˜[01m[Kbool ZLAC8015DDriver::set_sync_target_speed(float)[m[Kâ€™:
[01m[K/home/panha/Food_Delivery_Robot/src/zlac8015d_driver/src/zlac8015d_driver.cpp:31:67:[m[K [01;31m[Kerror: [m[Kinvalid operands of types â€˜[01m[Kfloat[m[Kâ€™ and â€˜[01m[Kint[m[Kâ€™ to binary â€˜[01m[Koperator&[m[Kâ€™
   31 |     ss << std::hex << std::setw(4) << std::setfill('0') << ([32m[Kspeed[m[K [01;31m[K&[m[K [34m[K0xFFFF[m[K);
      |                                                             [32m[K~~~~~[m[K [01;31m[K^[m[K [34m[K~~~~~~[m[K
      |                                                             [32m[K|[m[K       [34m[K|[m[K
      |                                                             [32m[Kfloat[m[K   [34m[Kint[m[K
[01m[K/home/panha/Food_Delivery_Robot/src/zlac8015d_driver/src/zlac8015d_driver.cpp:[m[K In member function â€˜[01m[Kbool ZLAC8015DDriver::set_sync_left_right_speed(float, float)[m[Kâ€™:
[01m[K/home/panha/Food_Delivery_Robot/src/zlac8015d_driver/src/zlac8015d_driver.cpp:38:77:[m[K [01;31m[Kerror: [m[Kinvalid operands of types â€˜[01m[Kfloat[m[Kâ€™ and â€˜[01m[Kint[m[Kâ€™ to binary â€˜[01m[Koperator&[m[Kâ€™
   38 |     ss_left << std::hex << std::setw(4) << std::setfill('0') << ([32m[Kleft_speed[m[K [01;31m[K&[m[K [34m[K0xFFFF[m[K);
      |                                                                  [32m[K~~~~~~~~~~[m[K [01;31m[K^[m[K [34m[K~~~~~~[m[K
      |                                                                  [32m[K|[m[K            [34m[K|[m[K
      |                                                                  [32m[Kfloat[m[K        [34m[Kint[m[K
[01m[K/home/panha/Food_Delivery_Robot/src/zlac8015d_driver/src/zlac8015d_driver.cpp:39:79:[m[K [01;31m[Kerror: [m[Kinvalid operands of types â€˜[01m[Kfloat[m[Kâ€™ and â€˜[01m[Kint[m[Kâ€™ to binary â€˜[01m[Koperator&[m[Kâ€™
   39 |     ss_right << std::hex << std::setw(4) << std::setfill('0') << ([32m[Kright_speed[m[K [01;31m[K&[m[K [34m[K0xFFFF[m[K);
      |                                                                   [32m[K~~~~~~~~~~~[m[K [01;31m[K^[m[K [34m[K~~~~~~[m[K
      |                                                                   [32m[K|[m[K             [34m[K|[m[K
      |                                                                   [32m[Kfloat[m[K         [34m[Kint[m[K
gmake[2]: *** [CMakeFiles/zlac8015d_driver.dir/build.make:76: CMakeFiles/zlac8015d_driver.dir/src/zlac8015d_driver.cpp.o] Error 1
gmake[1]: *** [CMakeFiles/Makefile2:184: CMakeFiles/zlac8015d_driver.dir/all] Error 2
gmake: *** [Makefile:146: all] Error 2
