-- The C compiler identification is GNU 11.4.0
-- The CXX compiler identification is GNU 11.4.0
-- Detecting C compiler ABI info
-- Detecting C compiler ABI info - done
-- Check for working C compiler: /usr/bin/cc - skipped
-- Detecting C compile features
-- Detecting C compile features - done
-- Detecting CXX compiler ABI info
-- Detecting CXX compiler ABI info - done
-- Check for working CXX compiler: /usr/bin/c++ - skipped
-- Detecting CXX compile features
-- Detecting CXX compile features - done
-- Found ament_cmake: 1.3.12 (/opt/ros/humble/share/ament_cmake/cmake)
-- Found Python3: /usr/bin/python3 (found version "3.10.12") found components: Interpreter 
-- Found rclcpp: 16.0.15 (/opt/ros/humble/share/rclcpp/cmake)
-- Found rosidl_generator_c: 3.1.7 (/opt/ros/humble/share/rosidl_generator_c/cmake)
-- Found rosidl_adapter: 3.1.7 (/opt/ros/humble/share/rosidl_adapter/cmake)
-- Found rosidl_generator_cpp: 3.1.7 (/opt/ros/humble/share/rosidl_generator_cpp/cmake)
-- Using all available rosidl_typesupport_c: rosidl_typesupport_fastrtps_c;rosidl_typesupport_introspection_c
-- Using all available rosidl_typesupport_cpp: rosidl_typesupport_fastrtps_cpp;rosidl_typesupport_introspection_cpp
-- Found rmw_implementation_cmake: 6.1.2 (/opt/ros/humble/share/rmw_implementation_cmake/cmake)
-- Found rmw_cyclonedds_cpp: 1.3.4 (/opt/ros/humble/share/rmw_cyclonedds_cpp/cmake)
-- Using RMW implementation 'rmw_cyclonedds_cpp' as default
-- Performing Test CMAKE_HAVE_LIBC_PTHREAD
-- Performing Test CMAKE_HAVE_LIBC_PTHREAD - Success
-- Found Threads: TRUE  
-- Found geometry_msgs: 4.9.0 (/opt/ros/humble/share/geometry_msgs/cmake)
-- Found nav_msgs: 4.9.0 (/opt/ros/humble/share/nav_msgs/cmake)
-- Found sensor_msgs: 4.9.0 (/opt/ros/humble/share/sensor_msgs/cmake)
-- Found food_del_robot: 0.0.0 (/home/panha/Food_Delivery_Robot/install/food_del_robot/share/food_del_robot/cmake)
-- Configuring done
-- Generating done
-- Build files have been written to: /home/panha/Food_Delivery_Robot/build/zlac8015d_driver
[ 25%] [32mBuilding CXX object robot_kinematic/CMakeFiles/robot_kinematic.dir/src/kinematic.cpp.o[0m
[ 25%] [32mBuilding CXX object CMakeFiles/can.dir/src/can.cpp.o[0m
In file included from [01m[K/home/panha/Food_Delivery_Robot/src/robot_kinematic/src/kinematic.cpp:1[m[K:
[01m[K/home/panha/Food_Delivery_Robot/src/robot_kinematic/include/kinematic.hpp:18:3:[m[K [01;35m[Kwarning: [m[K"/*" within comment [[01;35m[K]8;;https://gcc.gnu.org/onlinedocs/gcc/Warning-Options.html#index-Wcomment-Wcomment]8;;[m[K]
   18 |  //**************************************************************************** */
      |    
[01m[K/home/panha/Food_Delivery_Robot/src/robot_kinematic/include/kinematic.hpp:29:3:[m[K [01;35m[Kwarning: [m[K"/*" within comment [[01;35m[K]8;;https://gcc.gnu.org/onlinedocs/gcc/Warning-Options.html#index-Wcomment-Wcomment]8;;[m[K]
   29 |  //**************************************************************************** */
      |    
[01m[K/home/panha/Food_Delivery_Robot/src/robot_kinematic/include/kinematic.hpp:38:3:[m[K [01;35m[Kwarning: [m[K"/*" within comment [[01;35m[K]8;;https://gcc.gnu.org/onlinedocs/gcc/Warning-Options.html#index-Wcomment-Wcomment]8;;[m[K]
   38 |  //**************************************************************************** */
      |    
[01m[K/home/panha/Food_Delivery_Robot/src/robot_kinematic/include/kinematic.hpp:48:3:[m[K [01;35m[Kwarning: [m[K"/*" within comment [[01;35m[K]8;;https://gcc.gnu.org/onlinedocs/gcc/Warning-Options.html#index-Wcomment-Wcomment]8;;[m[K]
   48 |  //**************************************************************************** */
      |    
[ 37%] [32m[1mLinking CXX static library librobot_kinematic.a[0m
[ 37%] Built target robot_kinematic
[ 50%] [32m[1mLinking CXX static library libcan.a[0m
[ 50%] Built target can
[ 62%] [32mBuilding CXX object CMakeFiles/zlac8015d_driver.dir/src/zlac8015d_driver.cpp.o[0m
[ 75%] [32m[1mLinking CXX static library libzlac8015d_driver.a[0m
[ 75%] Built target zlac8015d_driver
[ 87%] [32mBuilding CXX object CMakeFiles/drive_and_odom.dir/src/drive_and_odom.cpp.o[0m
In file included from [01m[K/home/panha/Food_Delivery_Robot/src/zlac8015d_driver/src/drive_and_odom.cpp:8[m[K:
[01m[K/home/panha/Food_Delivery_Robot/src/robot_kinematic/include/kinematic.hpp:18:3:[m[K [01;35m[Kwarning: [m[K"/*" within comment [[01;35m[K]8;;https://gcc.gnu.org/onlinedocs/gcc/Warning-Options.html#index-Wcomment-Wcomment]8;;[m[K]
   18 |  //**************************************************************************** */
      |    
[01m[K/home/panha/Food_Delivery_Robot/src/robot_kinematic/include/kinematic.hpp:29:3:[m[K [01;35m[Kwarning: [m[K"/*" within comment [[01;35m[K]8;;https://gcc.gnu.org/onlinedocs/gcc/Warning-Options.html#index-Wcomment-Wcomment]8;;[m[K]
   29 |  //**************************************************************************** */
      |    
[01m[K/home/panha/Food_Delivery_Robot/src/robot_kinematic/include/kinematic.hpp:38:3:[m[K [01;35m[Kwarning: [m[K"/*" within comment [[01;35m[K]8;;https://gcc.gnu.org/onlinedocs/gcc/Warning-Options.html#index-Wcomment-Wcomment]8;;[m[K]
   38 |  //**************************************************************************** */
      |    
[01m[K/home/panha/Food_Delivery_Robot/src/robot_kinematic/include/kinematic.hpp:48:3:[m[K [01;35m[Kwarning: [m[K"/*" within comment [[01;35m[K]8;;https://gcc.gnu.org/onlinedocs/gcc/Warning-Options.html#index-Wcomment-Wcomment]8;;[m[K]
   48 |  //**************************************************************************** */
      |    
[01m[K/home/panha/Food_Delivery_Robot/src/zlac8015d_driver/src/drive_and_odom.cpp:[m[K In constructor â€˜[01m[KMotorControlNode::MotorControlNode()[m[Kâ€™:
[01m[K/home/panha/Food_Delivery_Robot/src/zlac8015d_driver/src/drive_and_odom.cpp:32:9:[m[K [01;31m[Kerror: [m[Kâ€˜[01m[Kemergency_stop_ser[m[Kâ€™ was not declared in this scope
   32 |         [01;31m[Kemergency_stop_ser[m[K = this->create_service<emergency_stop_srv::srv::EmergencyStop>(
      |         [01;31m[K^~~~~~~~~~~~~~~~~~[m[K
[01m[K/home/panha/Food_Delivery_Robot/src/zlac8015d_driver/src/drive_and_odom.cpp:32:51:[m[K [01;31m[Kerror: [m[Kâ€˜[01m[Kemergency_stop_srv[m[Kâ€™ was not declared in this scope
   32 |         emergency_stop_ser = this->create_service<[01;31m[Kemergency_stop_srv[m[K::srv::EmergencyStop>(
      |                                                   [01;31m[K^~~~~~~~~~~~~~~~~~[m[K
[01m[K/home/panha/Food_Delivery_Robot/src/zlac8015d_driver/src/drive_and_odom.cpp:32:36:[m[K [01;31m[Kerror: [m[Kparse error in template argument list
   32 |         emergency_stop_ser = this->[01;31m[Kcreate_service<emergency_stop_srv::srv::EmergencyStop>[m[K(
      |                                    [01;31m[K^~~~~~~~~~~~~~~~~~~~~~~~~~~~~~~~~~~~~~~~~~~~~~~~~~~~~~[m[K
[01m[K/home/panha/Food_Delivery_Robot/src/zlac8015d_driver/src/drive_and_odom.cpp:35:18:[m[K [01;31m[Kerror: [m[Kâ€˜[01m[KEmergencyStopServer[m[Kâ€™ has not been declared
   35 |                 &[01;31m[KEmergencyStopServer[m[K::handleService,
      |                  [01;31m[K^~~~~~~~~~~~~~~~~~~[m[K
gmake[2]: *** [CMakeFiles/drive_and_odom.dir/build.make:76: CMakeFiles/drive_and_odom.dir/src/drive_and_odom.cpp.o] Error 1
gmake[1]: *** [CMakeFiles/Makefile2:212: CMakeFiles/drive_and_odom.dir/all] Error 2
gmake: *** [Makefile:146: all] Error 2
